new client connected
false 5008
true 5008
false 5008
false 5008
false 5008
"M:\KTU\3 k. 2 s\Interaktyvios interneto technologijos\BioDude\BioDude.exe" 5008
false 5008
false 5008
false 5008
false 5008
false 5008
false 5008
false 5008
false 5008
false 5008
false 5008
false 5008
false 5008
false 5008
false 5008
false 5008
false 5008
false 5008
false 5008
false 5008
false 5008
false 5008
false 5008
false 5008
false 5008
false 5008
false 5008
false 5008
false 5008
false 5008
false 5008
false 5008
false 5008
false 5008
false 5008
false 5008
false 5008
false 5008
false 5008
false 5008
false 5008
false 5008
false 5008
false 5008
false 5008
false 5008
false 5008
false 5008
false 5008
false 5008
false 5008
false 5008
false 5008
false 5008
false 5008
false 5008
false 5008
false 5008
false 5008
false 5008
false 5008
false 5008
false 5008
false 5008
false 5008
false 5008
false 5008
false 5008
false 5008
false 5008
false 5008
false 5008
false 5008
false 5008
false 5008
false 5008
false 5008
false 5008
false 5008
false 5008
false 5008
false 5008
false 5008
false 5008
false 5008
false 5008
false 5008
false 5008
false 5008
false 5008
false 5008
false 5008
false 5008
false 5008
false 5008
false 5008
false 5008
false 5008
false 5008
new client connected
false 5008
true 5008
false 5008
false 5008
"M:\KTU\3 k. 2 s\Interaktyvios interneto technologijos\BioDude\BioDude.exe" 5008
false 5008
false 5008
false 5008
false 5008
false 5008
false 5008
false 5008
false 5008
false 5008
false 5008
false 5008
false 5008
false 5008
false 5008
false 5008
false 5008
false 5008
false 5008
false 5008
false 5008
false 5008
false 5008
false 5008
false 5008
false 5008
false 5008
false 5008
false 5008
false 5008
false 5008
false 5008
false 5008
false 5008
false 5008
false 5008
false 5008
false 5008
false 5008
false 5008
false 5008
false 5008
false 5008
false 5008
false 5008
false 5008
false 5008
false 5008
false 5008
false 5008
false 5008
false 5008
false 5008
false 5008
false 5008
false 5008
false 5008
false 5008
false 5008
false 5008
false 5008
false 5008
false 5008
false 5008
false 5008
false 5008
false 5008
false 5008
false 5008
false 5008
false 5008
false 5008
false 5008
false 5008
false 5008
false 5008
false 5008
false 5008
false 5008
false 5008
false 5008
false 5008
false 5008
false 5008
false 5008
false 5008
new client connected
false 5007
false 5071
true 5071
false 5071
false 5071
"M:\KTU\3 k. 2 s\Interaktyvios interneto technologijos\BioDude\BioDude.exe" 5071 -batchmode
false 5071
false 5071
false 5071
false 5071
false 5071
false 5071
new client connected
new client connected
false 5008
new client connected
false 5008
true 5008
false 5008
false 5008
false 5008
"M:\KTU\3 k. 2 s\Interaktyvios interneto technologijos\BioDude\BioDude.exe" 5008 -batchmode
false 5008
false 5008
false 5008
false 5008
false 5008
false 5008
false 5008
false 5008
false 5008
false 5008
false 5008
false 5008
false 5008
false 5008
false 5008
false 5008
false 5008
false 5008
false 5008
false 5008
false 5008
false 5008
false 5008
false 5008
false 5008
false 5008
false 5008
false 5008
false 5008
false 5008
false 5008
false 5008
false 5008
false 5008
false 5008
false 5008
false 5008
false 5008
false 5008
false 5008
false 5008
false 5008
false 5008
false 5008
false 5008
false 5008
false 5008
false 5008
false 5008
false 5008
false 5008
false 5008
false 5008
false 5008
false 5008
false 5008
false 5008
false 5008
false 5008
new client connected
false 5008
new client connected
false 5008
new client connected
false 5008
false 5008
new client connected
new client connected
false 5008
false 5009
false 5009
new client connected
false 5009
false 5009
