M:\KTU\3 k. 2 s\Interaktyvios interneto technologijos\gamedevexe\server\node_modules\ws\lib\WebSocket.js:360
      else throw new Error('not opened');
           ^

Error: not opened
    at WebSocket.send (M:\KTU\3 k. 2 s\Interaktyvios interneto technologijos\gamedevexe\server\node_modules\ws\lib\WebSocket.js:360:18)
    at M:\KTU\3 k. 2 s\Interaktyvios interneto technologijos\gamedevexe\server\app.js:42:24
    at ChildProcess.exithandler (child_process.js:296:5)
    at ChildProcess.emit (events.js:182:13)
    at maybeClose (internal/child_process.js:962:16)
    at Process.ChildProcess._handle.onexit (internal/child_process.js:251:5)
M:\KTU\3 k. 2 s\Interaktyvios interneto technologijos\gamedevexe\server\node_modules\ws\lib\WebSocket.js:360
      else throw new Error('not opened');
           ^

Error: not opened
    at WebSocket.send (M:\KTU\3 k. 2 s\Interaktyvios interneto technologijos\gamedevexe\server\node_modules\ws\lib\WebSocket.js:360:18)
    at M:\KTU\3 k. 2 s\Interaktyvios interneto technologijos\gamedevexe\server\app.js:42:24
    at ChildProcess.exithandler (child_process.js:280:7)
    at ChildProcess.emit (events.js:182:13)
    at maybeClose (internal/child_process.js:962:16)
    at Process.ChildProcess._handle.onexit (internal/child_process.js:251:5)
